#
# A fatal error has been detected by the Java Runtime Environment:
#
#  EXCEPTION_ACCESS_VIOLATION (0xc0000005) at pc=0x00007ffbb9ede659, pid=12584, tid=12476
#
# JRE version: Java(TM) SE Runtime Environment (21.0.2+13) (build 21.0.2+13-LTS-58)
# Java VM: Java HotSpot(TM) 64-Bit Server VM (21.0.2+13-LTS-58, mixed mode, sharing, tiered, compressed oops, compressed class ptrs, g1 gc, windows-amd64)
# Problematic frame:
# C  [ig11icd64.dll+0x56e659]
#
# No core dump will be written. Minidumps are not enabled by default on client versions of Windows
#
# If you would like to submit a bug report, please visit:
#   https://bugreport.java.com/bugreport/crash.jsp
#

---------------  S U M M A R Y ------------

Command Line: -XX:+ShowCodeDetailsInExceptionMessages ie.tudublin.Main

Host: Intel(R) Core(TM) i5-1035G4 CPU @ 1.10GHz, 8 cores, 7G,  Windows 11 , 64 bit Build 22621 (10.0.22621.3374)
Time: Wed Apr 17 16:48:15 2024 GMT Summer Time elapsed time: 18.582989 seconds (0d 0h 0m 18s)

---------------  T H R E A D  ---------------

Current thread (0x0000017145e774c0):  VMThread "VM Thread"          [id=12476, stack(0x0000001605900000,0x0000001605a00000) (1024K)]

Stack: [0x0000001605900000,0x0000001605a00000],  sp=0x00000016059fe590,  free space=1017k
Native frames: (J=compiled Java code, j=interpreted, Vv=VM code, C=native code)
C  [ig11icd64.dll+0x56e659]


siginfo: EXCEPTION_ACCESS_VIOLATION (0xc0000005), reading address 0x0000000000035378


Registers:
RAX=0x0000017195358550, RBX=0x0000017195358350, RCX=0x0000000000000000, RDX=0x0000017195358450
RSP=0x00000016059fe590, RBP=0x0000017194e25860, RSI=0x0000017195358898, RDI=0x000001718b0eceb0
R8 =0x0000000000000014, R9 =0x0000000000000000, R10=0x0000000000000000, R11=0x0000000000000246
R12=0x0000000000000000, R13=0x0000000000000000, R14=0x0000000000000000, R15=0x0000000000000000
RIP=0x00007ffbb9ede659, EFLAGS=0x0000000000010206


Register to memory mapping:

RAX=0x0000017195358550 points into unknown readable memory: 0x000000000000161d | 1d 16 00 00 00 00 00 00
RBX=0x0000017195358350 points into unknown readable memory: 0x000001718b7cd880 | 80 d8 7c 8b 71 01 00 00
RCX=0x0 is null
RDX=0x0000017195358450 points into unknown readable memory: 0x0000000000000000 | 00 00 00 00 00 00 00 00
RSP=0x00000016059fe590 points into unknown readable memory: 0x000001718b9485c0 | c0 85 94 8b 71 01 00 00
RBP=0x0000017194e25860 points into unknown readable memory: 0x000001718b7cd880 | 80 d8 7c 8b 71 01 00 00
RSI=0x0000017195358898 points into unknown readable memory: 0x0000017194e25860 | 60 58 e2 94 71 01 00 00
RDI=0x000001718b0eceb0 points into unknown readable memory: 0x0000000000000000 | 00 00 00 00 00 00 00 00
R8 =0x0000000000000014 is an unknown value
R9 =0x0 is null
R10=0x0 is null
R11=0x0000000000000246 is an unknown value
R12=0x0 is null
R13=0x0 is null
R14=0x0 is null
R15=0x0 is null

Top of Stack: (sp=0x00000016059fe590)
0x00000016059fe590:   000001718b9485c0 024eeaa802bf4ca8
0x00000016059fe5a0:   00000016059fe5d8 0000005400000000
0x00000016059fe5b0:   00007ffbba8d64b0 0000000000000000
0x00000016059fe5c0:   0000017194d121d0 0000000000000098
0x00000016059fe5d0:   0000000000000000 00007ffbb9ebf381
0x00000016059fe5e0:   000001718b9485c0 000001718b0eceb0
0x00000016059fe5f0:   00000016059fe6e0 000000000000162c
0x00000016059fe600:   0000001600000a1c 02cdfbb200000000
0x00000016059fe610:   0000000000000000 02b4c3b300fb92b3
0x00000016059fe620:   021266b5024852b4 020c75b702c40bb7
0x00000016059fe630:   023ee2b702b184b7 02c180b8009702b8
0x00000016059fe640:   00f31ab9029805b9 029a7eb901ae79b9
0x00000016059fe650:   022ab9b902d494b9 0260b7ba02ca5eba
0x00000016059fe660:   025c63bb02ceecba 02168ebb02856abb
0x00000016059fe670:   022bf4bb008b8ebb 022a6ebc02ae54bc
0x00000016059fe680:   0231c1bc00b46ebc 008f38bd012ad2bc
0x00000016059fe690:   0000b80201e40000 0000000000000a1c
0x00000016059fe6a0:   0000000000000000 8000250000000001
0x00000016059fe6b0:   0000000000000000 0000000000000000
0x00000016059fe6c0:   0000000000000000 0000000000000000
0x00000016059fe6d0:   0000000000000000 0000000000000000
0x00000016059fe6e0:   0000000000000000 0000000000000000
0x00000016059fe6f0:   0000000000000000 0000000000000000
0x00000016059fe700:   0000000000000000 0000000000000000
0x00000016059fe710:   0000000000000000 0000000000000000
0x00000016059fe720:   0000000000000000 0000000000000000
0x00000016059fe730:   0000000000000000 0000000000000000
0x00000016059fe740:   0000000000000000 0000000000000000
0x00000016059fe750:   0000000000000000 0000000000000000
0x00000016059fe760:   0000000000000000 0000000000000000
0x00000016059fe770:   0000000000000000 0000000000000000
0x00000016059fe780:   0000000000000000 0000000000000000 

Instructions: (pc=0x00007ffbb9ede659)
0x00007ffbb9ede559:   30 44 38 24 01 75 05 e8 d3 14 f9 ff 65 48 8b 04
0x00007ffbb9ede569:   25 58 00 00 00 41 be 20 00 00 00 48 8b 04 30 4d
0x00007ffbb9ede579:   8b 34 06 48 85 ed 0f 84 6f 03 00 00 66 66 66 0f
0x00007ffbb9ede589:   1f 84 00 00 00 00 00 48 8b dd 48 8d b5 48 05 00
0x00007ffbb9ede599:   00 48 8b 2e 45 84 ff 74 1d 48 8b 0b 48 8b d3 80
0x00007ffbb9ede5a9:   bb a0 05 00 00 00 0f 85 f2 02 00 00 e8 36 5f fe
0x00007ffbb9ede5b9:   ff e9 f4 02 00 00 8b 8f d0 01 00 00 48 8b 05 84
0x00007ffbb9ede5c9:   b9 8f 00 83 b8 64 03 00 00 02 0f 85 f4 00 00 00
0x00007ffbb9ede5d9:   48 8d 93 00 01 00 00 83 f9 10 73 04 8b c1 eb 56
0x00007ffbb9ede5e9:   44 8d 41 f0 41 8b c0 c1 e8 04 83 f8 03 73 20 0f
0x00007ffbb9ede5f9:   ae e8 41 83 e0 0f 4c 8b 8c c2 00 04 00 00 4d 85
0x00007ffbb9ede609:   c9 74 25 41 8b c0 48 c1 e0 06 49 03 c1 eb 2e 48
0x00007ffbb9ede619:   8b 82 18 04 00 00 48 85 c0 74 0d 39 08 74 29 48
0x00007ffbb9ede629:   8b 40 48 48 85 c0 75 f3 80 ba 20 04 00 00 00 74
0x00007ffbb9ede639:   1d 8b c1 83 e0 0f 48 c1 e0 06 48 03 c2 48 85 c0
0x00007ffbb9ede649:   74 0c 48 8b 48 08 eb 08 48 83 c0 08 eb ef 33 c9
0x00007ffbb9ede659:   49 3b 8e 78 53 03 00 76 6b 48 8b 87 80 02 00 00
0x00007ffbb9ede669:   48 89 06 48 89 9f 80 02 00 00 ff 87 88 02 00 00
0x00007ffbb9ede679:   48 8b 4b 08 48 8b 01 ba 01 00 00 00 48 8b 80 e0
0x00007ffbb9ede689:   02 00 00 ff 15 6e ef 59 00 0f b7 c8 48 2b c1 48
0x00007ffbb9ede699:   05 00 00 01 00 48 01 87 90 02 00 00 48 8b 4b 08
0x00007ffbb9ede6a9:   48 8b 01 ba 01 00 00 00 48 8b 80 e0 02 00 00 ff
0x00007ffbb9ede6b9:   15 42 ef 59 00 48 01 87 a0 02 00 00 41 b4 01 e9
0x00007ffbb9ede6c9:   e6 01 00 00 44 8b 9f d0 01 00 00 48 8b 87 e8 01
0x00007ffbb9ede6d9:   00 00 4c 8b 10 8b 8f d0 01 00 00 48 8d 93 00 01
0x00007ffbb9ede6e9:   00 00 83 f9 10 73 04 8b c1 eb 57 44 8d 41 f0 41
0x00007ffbb9ede6f9:   8b c0 c1 e8 04 83 f8 03 73 20 0f ae e8 41 83 e0
0x00007ffbb9ede709:   0f 4c 8b 8c c2 00 04 00 00 4d 85 c9 74 26 41 8b
0x00007ffbb9ede719:   c0 48 c1 e0 06 49 03 c1 eb 2f 48 8b 82 18 04 00
0x00007ffbb9ede729:   00 48 85 c0 74 0e 90 39 08 74 3c 48 8b 40 48 48
0x00007ffbb9ede739:   85 c0 75 f3 80 ba 20 04 00 00 00 74 1b 8b c1 83
0x00007ffbb9ede749:   e0 0f 48 c1 e0 06 48 03 c2 48 85 c0 74 0a 4c 39 


Stack slot to memory mapping:

stack at sp + 0 slots: 0x000001718b9485c0 points into unknown readable memory: 0xffffffffffffffff | ff ff ff ff ff ff ff ff
stack at sp + 1 slots: 0x024eeaa802bf4ca8 is an unknown value
stack at sp + 2 slots: 0x00000016059fe5d8 points into unknown readable memory: 0x00007ffbb9ebf381 | 81 f3 eb b9 fb 7f 00 00
stack at sp + 3 slots: 0x0000005400000000 is an unknown value
stack at sp + 4 slots: 0x00007ffbba8d64b0 ig11icd64.dll
stack at sp + 5 slots: 0x0 is null
stack at sp + 6 slots: 0x0000017194d121d0 points into unknown readable memory: 0x0000000000000000 | 00 00 00 00 00 00 00 00
stack at sp + 7 slots: 0x0000000000000098 is an unknown value

VM_Operation (0x00000016076febb0): Exit, mode: safepoint, requested by thread 0x000001718bdbb710


---------------  P R O C E S S  ---------------

Threads class SMR info:
_java_thread_list=0x0000017194f87480, length=17, elements={
0x0000017145e98860, 0x0000017145e993b0, 0x0000017145e99f00, 0x0000017145e9aa50,
0x0000017145e9c4c0, 0x0000017145e9e870, 0x0000017145ea3230, 0x0000017145eb01f0,
0x000001718b0f0b40, 0x000001718b0fe5f0, 0x000001718b388060, 0x0000017194a6ef20,
0x000001718bdbb710, 0x0000017129659640, 0x0000017194f6a000, 0x00000171917fabf0,
0x00000171950cac80
}

Java Threads: ( => current thread )
  0x0000017145e98860 JavaThread "Reference Handler"          daemon [_thread_blocked, id=5904, stack(0x0000001605a00000,0x0000001605b00000) (1024K)]
  0x0000017145e993b0 JavaThread "Finalizer"                  daemon [_thread_blocked, id=12892, stack(0x0000001605b00000,0x0000001605c00000) (1024K)]
  0x0000017145e99f00 JavaThread "Signal Dispatcher"          daemon [_thread_blocked, id=8420, stack(0x0000001605c00000,0x0000001605d00000) (1024K)]
  0x0000017145e9aa50 JavaThread "Attach Listener"            daemon [_thread_blocked, id=10336, stack(0x0000001605d00000,0x0000001605e00000) (1024K)]
  0x0000017145e9c4c0 JavaThread "Service Thread"             daemon [_thread_blocked, id=5244, stack(0x0000001605e00000,0x0000001605f00000) (1024K)]
  0x0000017145e9e870 JavaThread "Monitor Deflation Thread"   daemon [_thread_blocked, id=15944, stack(0x0000001605f00000,0x0000001606000000) (1024K)]
  0x0000017145ea3230 JavaThread "C2 CompilerThread0"         daemon [_thread_blocked, id=14676, stack(0x0000001606000000,0x0000001606100000) (1024K)]
  0x0000017145eb01f0 JavaThread "C1 CompilerThread0"         daemon [_thread_blocked, id=18120, stack(0x0000001606100000,0x0000001606200000) (1024K)]
  0x000001718b0f0b40 JavaThread "Notification Thread"        daemon [_thread_blocked, id=9160, stack(0x0000001606200000,0x0000001606300000) (1024K)]
  0x000001718b0fe5f0 JavaThread "Common-Cleaner"             daemon [_thread_blocked, id=1304, stack(0x0000001606300000,0x0000001606400000) (1024K)]
  0x000001718b388060 JavaThread "Java2D Disposer"            daemon [_thread_blocked, id=10824, stack(0x0000001606400000,0x0000001606500000) (1024K)]
  0x0000017194a6ef20 JavaThread "HighResTimerThread"         daemon [_thread_blocked, id=4832, stack(0x0000001607400000,0x0000001607500000) (1024K)]
  0x000001718bdbb710 JavaThread "main-FPSAWTAnimator#00-Timer0"        [_thread_blocked, id=9108, stack(0x0000001607600000,0x0000001607700000) (1024K)]
  0x0000017129659640 JavaThread "DestroyJavaVM"                     [_thread_blocked, id=6428, stack(0x0000001605200000,0x0000001605300000) (1024K)]
  0x0000017194f6a000 JavaThread "Java Sound Event Dispatcher" daemon [_thread_blocked, id=16620, stack(0x0000001607b00000,0x0000001607c00000) (1024K)]
  0x00000171917fabf0 JavaThread "C2 CompilerThread1"         daemon [_thread_blocked, id=7828, stack(0x0000001608100000,0x0000001608200000) (1024K)]
  0x00000171950cac80 JavaThread "AWT-Shutdown"                      [_thread_blocked, id=13568, stack(0x0000001608400000,0x0000001608500000) (1024K)]
Total: 17

Other Threads:
=>0x0000017145e774c0 VMThread "VM Thread"                           [id=12476, stack(0x0000001605900000,0x0000001605a00000) (1024K)]
  0x00000171296ab1a0 WorkerThread "GC Thread#0"                     [id=8184, stack(0x0000001605300000,0x0000001605400000) (1024K)]
  0x000001718bec8bf0 WorkerThread "GC Thread#1"                     [id=13952, stack(0x0000001606b00000,0x0000001606c00000) (1024K)]
  0x0000017145efe740 WorkerThread "GC Thread#2"                     [id=1852, stack(0x0000001606c00000,0x0000001606d00000) (1024K)]
  0x000001719096da70 WorkerThread "GC Thread#3"                     [id=11684, stack(0x0000001606d00000,0x0000001606e00000) (1024K)]
  0x000001718b20f030 WorkerThread "GC Thread#4"                     [id=13356, stack(0x0000001606e00000,0x0000001606f00000) (1024K)]
  0x000001718b20f3d0 WorkerThread "GC Thread#5"                     [id=7928, stack(0x0000001606f00000,0x0000001607000000) (1024K)]
  0x000001718b20f770 WorkerThread "GC Thread#6"                     [id=15704, stack(0x0000001607000000,0x0000001607100000) (1024K)]
  0x000001718be4b220 WorkerThread "GC Thread#7"                     [id=8564, stack(0x0000001607100000,0x0000001607200000) (1024K)]
  0x00000171296bb9b0 ConcurrentGCThread "G1 Main Marker"            terminated
  0x00000171296bcc50 WorkerThread "G1 Conc#0"                       [id=15348, stack(0x0000001605500000,0x0000001605600000) (1024K)]
  0x0000017145d330e0 ConcurrentGCThread "G1 Refine#0"               terminated
  0x0000017145d33a60 ConcurrentGCThread "G1 Service"                terminated
Total: 13

Threads with active compile tasks:
Total: 0

VM state: at safepoint (shutting down)

VM Mutex/Monitor currently owned by a thread:  ([mutex/lock_event])
[0x00007ffbbd36cd68] Threads_lock - owner thread: 0x0000017145e774c0
[0x00007ffbbd36ce68] Heap_lock - owner thread: 0x000001718bdbb710

Heap address: 0x0000000084c00000, size: 1972 MB, Compressed Oops mode: 32-bit

CDS archive(s) mapped at: [0x0000017146000000-0x0000017146c90000-0x0000017146c90000), size 13172736, SharedBaseAddress: 0x0000017146000000, ArchiveRelocationMode: 1.
Compressed class space mapped at: 0x0000017147000000-0x0000017187000000, reserved size: 1073741824
Narrow klass base: 0x0000017146000000, Narrow klass shift: 0, Narrow klass range: 0x100000000

GC Precious Log:
 CardTable entry size: 512
 Card Set container configuration: InlinePtr #cards 5 size 8 Array Of Cards #cards 12 size 40 Howl #buckets 4 coarsen threshold 1843 Howl Bitmap #cards 512 size 80 coarsen threshold 460 Card regions per heap region 1 cards per card region 2048
 CPUs: 8 total, 8 available
 Memory: 7883M
 Large Page Support: Disabled
 NUMA Support: Disabled
 Compressed Oops: Enabled (32-bit)
 Heap Region Size: 1M
 Heap Min Capacity: 8M
 Heap Initial Capacity: 124M
 Heap Max Capacity: 1972M
 Pre-touch: Disabled
 Parallel Workers: 8
 Concurrent Workers: 2
 Concurrent Refinement Workers: 8
 Periodic GC: Disabled

Heap:
 garbage-first heap   total 126976K, used 65495K [0x0000000084c00000, 0x0000000100000000)
  region size 1024K, 50 young (51200K), 3 survivors (3072K)
 Metaspace       used 14966K, committed 15232K, reserved 1114112K
  class space    used 1131K, committed 1216K, reserved 1048576K

Heap Regions: E=young(eden), S=young(survivor), O=old, HS=humongous(starts), HC=humongous(continues), CS=collection set, F=free, TAMS=top-at-mark-start, PB=parsable bottom
|   0|0x0000000084c00000, 0x0000000084c00000, 0x0000000084d00000|  0%| F|  |TAMS 0x0000000084c00000| PB 0x0000000084c00000| Untracked 
|   1|0x0000000084d00000, 0x0000000084e00000, 0x0000000084e00000|100%| O|  |TAMS 0x0000000084d00000| PB 0x0000000084d00000| Untracked 
|   2|0x0000000084e00000, 0x0000000084e00000, 0x0000000084f00000|  0%| F|  |TAMS 0x0000000084e00000| PB 0x0000000084e00000| Untracked 
|   3|0x0000000084f00000, 0x0000000084f00000, 0x0000000085000000|  0%| F|  |TAMS 0x0000000084f00000| PB 0x0000000084f00000| Untracked 
|   4|0x0000000085000000, 0x0000000085000000, 0x0000000085100000|  0%| F|  |TAMS 0x0000000085000000| PB 0x0000000085000000| Untracked 
|   5|0x0000000085100000, 0x0000000085100000, 0x0000000085200000|  0%| F|  |TAMS 0x0000000085100000| PB 0x0000000085100000| Untracked 
|   6|0x0000000085200000, 0x0000000085200000, 0x0000000085300000|  0%| F|  |TAMS 0x0000000085200000| PB 0x0000000085200000| Untracked 
|   7|0x0000000085300000, 0x0000000085300000, 0x0000000085400000|  0%| F|  |TAMS 0x0000000085300000| PB 0x0000000085300000| Untracked 
|   8|0x0000000085400000, 0x0000000085500000, 0x0000000085500000|100%|HS|  |TAMS 0x0000000085400000| PB 0x0000000085400000| Complete 
|   9|0x0000000085500000, 0x0000000085600000, 0x0000000085600000|100%|HC|  |TAMS 0x0000000085500000| PB 0x0000000085500000| Complete 
|  10|0x0000000085600000, 0x0000000085700000, 0x0000000085700000|100%|HC|  |TAMS 0x0000000085600000| PB 0x0000000085600000| Complete 
|  11|0x0000000085700000, 0x0000000085800000, 0x0000000085800000|100%|HC|  |TAMS 0x0000000085700000| PB 0x0000000085700000| Complete 
|  12|0x0000000085800000, 0x0000000085800000, 0x0000000085900000|  0%| F|  |TAMS 0x0000000085800000| PB 0x0000000085800000| Untracked 
|  13|0x0000000085900000, 0x0000000085900000, 0x0000000085a00000|  0%| F|  |TAMS 0x0000000085900000| PB 0x0000000085900000| Untracked 
|  14|0x0000000085a00000, 0x0000000085a00000, 0x0000000085b00000|  0%| F|  |TAMS 0x0000000085a00000| PB 0x0000000085a00000| Untracked 
|  15|0x0000000085b00000, 0x0000000085b00000, 0x0000000085c00000|  0%| F|  |TAMS 0x0000000085b00000| PB 0x0000000085b00000| Untracked 
|  16|0x0000000085c00000, 0x0000000085c00000, 0x0000000085d00000|  0%| F|  |TAMS 0x0000000085c00000| PB 0x0000000085c00000| Untracked 
|  17|0x0000000085d00000, 0x0000000085e00000, 0x0000000085e00000|100%|HS|  |TAMS 0x0000000085d00000| PB 0x0000000085d00000| Complete 
|  18|0x0000000085e00000, 0x0000000085f00000, 0x0000000085f00000|100%|HC|  |TAMS 0x0000000085e00000| PB 0x0000000085e00000| Complete 
|  19|0x0000000085f00000, 0x0000000086000000, 0x0000000086000000|100%|HC|  |TAMS 0x0000000085f00000| PB 0x0000000085f00000| Complete 
|  20|0x0000000086000000, 0x0000000086100000, 0x0000000086100000|100%|HC|  |TAMS 0x0000000086000000| PB 0x0000000086000000| Complete 
|  21|0x0000000086100000, 0x0000000086100000, 0x0000000086200000|  0%| F|  |TAMS 0x0000000086100000| PB 0x0000000086100000| Untracked 
|  22|0x0000000086200000, 0x0000000086200000, 0x0000000086300000|  0%| F|  |TAMS 0x0000000086200000| PB 0x0000000086200000| Untracked 
|  23|0x0000000086300000, 0x0000000086400000, 0x0000000086400000|100%|HS|  |TAMS 0x0000000086300000| PB 0x0000000086300000| Complete 
|  24|0x0000000086400000, 0x0000000086500000, 0x0000000086500000|100%|HS|  |TAMS 0x0000000086400000| PB 0x0000000086400000| Complete 
|  25|0x0000000086500000, 0x0000000086500000, 0x0000000086600000|  0%| F|  |TAMS 0x0000000086500000| PB 0x0000000086500000| Untracked 
|  26|0x0000000086600000, 0x0000000086600000, 0x0000000086700000|  0%| F|  |TAMS 0x0000000086600000| PB 0x0000000086600000| Untracked 
|  27|0x0000000086700000, 0x0000000086700000, 0x0000000086800000|  0%| F|  |TAMS 0x0000000086700000| PB 0x0000000086700000| Untracked 
|  28|0x0000000086800000, 0x0000000086800000, 0x0000000086900000|  0%| F|  |TAMS 0x0000000086800000| PB 0x0000000086800000| Untracked 
|  29|0x0000000086900000, 0x0000000086900000, 0x0000000086a00000|  0%| F|  |TAMS 0x0000000086900000| PB 0x0000000086900000| Untracked 
|  30|0x0000000086a00000, 0x0000000086a00000, 0x0000000086b00000|  0%| F|  |TAMS 0x0000000086a00000| PB 0x0000000086a00000| Untracked 
|  31|0x0000000086b00000, 0x0000000086b00000, 0x0000000086c00000|  0%| F|  |TAMS 0x0000000086b00000| PB 0x0000000086b00000| Untracked 
|  32|0x0000000086c00000, 0x0000000086c00000, 0x0000000086d00000|  0%| F|  |TAMS 0x0000000086c00000| PB 0x0000000086c00000| Untracked 
|  33|0x0000000086d00000, 0x0000000086d00000, 0x0000000086e00000|  0%| F|  |TAMS 0x0000000086d00000| PB 0x0000000086d00000| Untracked 
|  34|0x0000000086e00000, 0x0000000086e00000, 0x0000000086f00000|  0%| F|  |TAMS 0x0000000086e00000| PB 0x0000000086e00000| Untracked 
|  35|0x0000000086f00000, 0x0000000086f00000, 0x0000000087000000|  0%| F|  |TAMS 0x0000000086f00000| PB 0x0000000086f00000| Untracked 
|  36|0x0000000087000000, 0x0000000087000000, 0x0000000087100000|  0%| F|  |TAMS 0x0000000087000000| PB 0x0000000087000000| Untracked 
|  37|0x0000000087100000, 0x0000000087100000, 0x0000000087200000|  0%| F|  |TAMS 0x0000000087100000| PB 0x0000000087100000| Untracked 
|  38|0x0000000087200000, 0x0000000087200000, 0x0000000087300000|  0%| F|  |TAMS 0x0000000087200000| PB 0x0000000087200000| Untracked 
|  39|0x0000000087300000, 0x0000000087400000, 0x0000000087400000|100%|HS|  |TAMS 0x0000000087300000| PB 0x0000000087300000| Complete 
|  40|0x0000000087400000, 0x0000000087500000, 0x0000000087500000|100%|HC|  |TAMS 0x0000000087400000| PB 0x0000000087400000| Complete 
|  41|0x0000000087500000, 0x0000000087600000, 0x0000000087600000|100%| O|  |TAMS 0x0000000087500000| PB 0x0000000087500000| Untracked 
|  42|0x0000000087600000, 0x00000000876f5e80, 0x0000000087700000| 96%| O|  |TAMS 0x0000000087600000| PB 0x0000000087600000| Untracked 
|  43|0x0000000087700000, 0x0000000087700000, 0x0000000087800000|  0%| F|  |TAMS 0x0000000087700000| PB 0x0000000087700000| Untracked 
|  44|0x0000000087800000, 0x0000000087800000, 0x0000000087900000|  0%| F|  |TAMS 0x0000000087800000| PB 0x0000000087800000| Untracked 
|  45|0x0000000087900000, 0x0000000087900000, 0x0000000087a00000|  0%| F|  |TAMS 0x0000000087900000| PB 0x0000000087900000| Untracked 
|  46|0x0000000087a00000, 0x0000000087a00000, 0x0000000087b00000|  0%| F|  |TAMS 0x0000000087a00000| PB 0x0000000087a00000| Untracked 
|  47|0x0000000087b00000, 0x0000000087b00000, 0x0000000087c00000|  0%| F|  |TAMS 0x0000000087b00000| PB 0x0000000087b00000| Untracked 
|  48|0x0000000087c00000, 0x0000000087c00000, 0x0000000087d00000|  0%| F|  |TAMS 0x0000000087c00000| PB 0x0000000087c00000| Untracked 
|  49|0x0000000087d00000, 0x0000000087d00000, 0x0000000087e00000|  0%| F|  |TAMS 0x0000000087d00000| PB 0x0000000087d00000| Untracked 
|  50|0x0000000087e00000, 0x0000000087e00000, 0x0000000087f00000|  0%| F|  |TAMS 0x0000000087e00000| PB 0x0000000087e00000| Untracked 
|  51|0x0000000087f00000, 0x0000000087f00000, 0x0000000088000000|  0%| F|  |TAMS 0x0000000087f00000| PB 0x0000000087f00000| Untracked 
|  52|0x0000000088000000, 0x0000000088000000, 0x0000000088100000|  0%| F|  |TAMS 0x0000000088000000| PB 0x0000000088000000| Untracked 
|  53|0x0000000088100000, 0x0000000088100000, 0x0000000088200000|  0%| F|  |TAMS 0x0000000088100000| PB 0x0000000088100000| Untracked 
|  54|0x0000000088200000, 0x0000000088200000, 0x0000000088300000|  0%| F|  |TAMS 0x0000000088200000| PB 0x0000000088200000| Untracked 
|  55|0x0000000088300000, 0x0000000088300000, 0x0000000088400000|  0%| F|  |TAMS 0x0000000088300000| PB 0x0000000088300000| Untracked 
|  56|0x0000000088400000, 0x0000000088400000, 0x0000000088500000|  0%| F|  |TAMS 0x0000000088400000| PB 0x0000000088400000| Untracked 
|  57|0x0000000088500000, 0x0000000088500000, 0x0000000088600000|  0%| F|  |TAMS 0x0000000088500000| PB 0x0000000088500000| Untracked 
|  58|0x0000000088600000, 0x0000000088600000, 0x0000000088700000|  0%| F|  |TAMS 0x0000000088600000| PB 0x0000000088600000| Untracked 
|  59|0x0000000088700000, 0x0000000088700000, 0x0000000088800000|  0%| F|  |TAMS 0x0000000088700000| PB 0x0000000088700000| Untracked 
|  60|0x0000000088800000, 0x0000000088800000, 0x0000000088900000|  0%| F|  |TAMS 0x0000000088800000| PB 0x0000000088800000| Untracked 
|  61|0x0000000088900000, 0x0000000088900000, 0x0000000088a00000|  0%| F|  |TAMS 0x0000000088900000| PB 0x0000000088900000| Untracked 
|  62|0x0000000088a00000, 0x0000000088a00000, 0x0000000088b00000|  0%| F|  |TAMS 0x0000000088a00000| PB 0x0000000088a00000| Untracked 
|  63|0x0000000088b00000, 0x0000000088b00000, 0x0000000088c00000|  0%| F|  |TAMS 0x0000000088b00000| PB 0x0000000088b00000| Untracked 
|  64|0x0000000088c00000, 0x0000000088c00000, 0x0000000088d00000|  0%| F|  |TAMS 0x0000000088c00000| PB 0x0000000088c00000| Untracked 
|  65|0x0000000088d00000, 0x0000000088d00000, 0x0000000088e00000|  0%| F|  |TAMS 0x0000000088d00000| PB 0x0000000088d00000| Untracked 
|  66|0x0000000088e00000, 0x0000000088e00000, 0x0000000088f00000|  0%| F|  |TAMS 0x0000000088e00000| PB 0x0000000088e00000| Untracked 
|  67|0x0000000088f00000, 0x0000000088f00000, 0x0000000089000000|  0%| F|  |TAMS 0x0000000088f00000| PB 0x0000000088f00000| Untracked 
|  68|0x0000000089000000, 0x0000000089000000, 0x0000000089100000|  0%| F|  |TAMS 0x0000000089000000| PB 0x0000000089000000| Untracked 
|  69|0x0000000089100000, 0x0000000089100000, 0x0000000089200000|  0%| F|  |TAMS 0x0000000089100000| PB 0x0000000089100000| Untracked 
|  70|0x0000000089200000, 0x0000000089200000, 0x0000000089300000|  0%| F|  |TAMS 0x0000000089200000| PB 0x0000000089200000| Untracked 
|  71|0x0000000089300000, 0x0000000089300000, 0x0000000089400000|  0%| F|  |TAMS 0x0000000089300000| PB 0x0000000089300000| Untracked 
|  72|0x0000000089400000, 0x0000000089400000, 0x0000000089500000|  0%| F|  |TAMS 0x0000000089400000| PB 0x0000000089400000| Untracked 
|  73|0x0000000089500000, 0x0000000089500000, 0x0000000089600000|  0%| F|  |TAMS 0x0000000089500000| PB 0x0000000089500000| Untracked 
|  74|0x0000000089600000, 0x00000000896b9298, 0x0000000089700000| 72%| E|  |TAMS 0x0000000089600000| PB 0x0000000089600000| Complete 
|  75|0x0000000089700000, 0x0000000089800000, 0x0000000089800000|100%| E|CS|TAMS 0x0000000089700000| PB 0x0000000089700000| Complete 
|  76|0x0000000089800000, 0x0000000089900000, 0x0000000089900000|100%| E|CS|TAMS 0x0000000089800000| PB 0x0000000089800000| Complete 
|  77|0x0000000089900000, 0x0000000089a00000, 0x0000000089a00000|100%| E|CS|TAMS 0x0000000089900000| PB 0x0000000089900000| Complete 
|  78|0x0000000089a00000, 0x0000000089b00000, 0x0000000089b00000|100%| E|CS|TAMS 0x0000000089a00000| PB 0x0000000089a00000| Complete 
|  79|0x0000000089b00000, 0x0000000089c00000, 0x0000000089c00000|100%| E|CS|TAMS 0x0000000089b00000| PB 0x0000000089b00000| Complete 
|  80|0x0000000089c00000, 0x0000000089d00000, 0x0000000089d00000|100%| E|CS|TAMS 0x0000000089c00000| PB 0x0000000089c00000| Complete 
|  81|0x0000000089d00000, 0x0000000089e00000, 0x0000000089e00000|100%| E|CS|TAMS 0x0000000089d00000| PB 0x0000000089d00000| Complete 
|  82|0x0000000089e00000, 0x0000000089f00000, 0x0000000089f00000|100%| E|CS|TAMS 0x0000000089e00000| PB 0x0000000089e00000| Complete 
|  83|0x0000000089f00000, 0x000000008a000000, 0x000000008a000000|100%| E|CS|TAMS 0x0000000089f00000| PB 0x0000000089f00000| Complete 
|  84|0x000000008a000000, 0x000000008a100000, 0x000000008a100000|100%| E|CS|TAMS 0x000000008a000000| PB 0x000000008a000000| Complete 
|  85|0x000000008a100000, 0x000000008a200000, 0x000000008a200000|100%| E|CS|TAMS 0x000000008a100000| PB 0x000000008a100000| Complete 
|  86|0x000000008a200000, 0x000000008a300000, 0x000000008a300000|100%| E|CS|TAMS 0x000000008a200000| PB 0x000000008a200000| Complete 
|  87|0x000000008a300000, 0x000000008a400000, 0x000000008a400000|100%| E|CS|TAMS 0x000000008a300000| PB 0x000000008a300000| Complete 
|  88|0x000000008a400000, 0x000000008a500000, 0x000000008a500000|100%| S|CS|TAMS 0x000000008a400000| PB 0x000000008a400000| Complete 
|  89|0x000000008a500000, 0x000000008a600000, 0x000000008a600000|100%| S|CS|TAMS 0x000000008a500000| PB 0x000000008a500000| Complete 
|  90|0x000000008a600000, 0x000000008a700000, 0x000000008a700000|100%| S|CS|TAMS 0x000000008a600000| PB 0x000000008a600000| Complete 
|  91|0x000000008a700000, 0x000000008a800000, 0x000000008a800000|100%| E|CS|TAMS 0x000000008a700000| PB 0x000000008a700000| Complete 
|  92|0x000000008a800000, 0x000000008a900000, 0x000000008a900000|100%| E|CS|TAMS 0x000000008a800000| PB 0x000000008a800000| Complete 
|  93|0x000000008a900000, 0x000000008aa00000, 0x000000008aa00000|100%| E|CS|TAMS 0x000000008a900000| PB 0x000000008a900000| Complete 
|  94|0x000000008aa00000, 0x000000008ab00000, 0x000000008ab00000|100%| E|CS|TAMS 0x000000008aa00000| PB 0x000000008aa00000| Complete 
|  95|0x000000008ab00000, 0x000000008ac00000, 0x000000008ac00000|100%| E|CS|TAMS 0x000000008ab00000| PB 0x000000008ab00000| Complete 
|  96|0x000000008ac00000, 0x000000008ad00000, 0x000000008ad00000|100%| E|CS|TAMS 0x000000008ac00000| PB 0x000000008ac00000| Complete 
|  97|0x000000008ad00000, 0x000000008ae00000, 0x000000008ae00000|100%| E|CS|TAMS 0x000000008ad00000| PB 0x000000008ad00000| Complete 
|  98|0x000000008ae00000, 0x000000008af00000, 0x000000008af00000|100%| E|CS|TAMS 0x000000008ae00000| PB 0x000000008ae00000| Complete 
|  99|0x000000008af00000, 0x000000008b000000, 0x000000008b000000|100%| E|CS|TAMS 0x000000008af00000| PB 0x000000008af00000| Complete 
| 100|0x000000008b000000, 0x000000008b100000, 0x000000008b100000|100%| E|CS|TAMS 0x000000008b000000| PB 0x000000008b000000| Complete 
| 101|0x000000008b100000, 0x000000008b200000, 0x000000008b200000|100%| E|CS|TAMS 0x000000008b100000| PB 0x000000008b100000| Complete 
| 102|0x000000008b200000, 0x000000008b300000, 0x000000008b300000|100%| E|CS|TAMS 0x000000008b200000| PB 0x000000008b200000| Complete 
| 103|0x000000008b300000, 0x000000008b400000, 0x000000008b400000|100%| E|CS|TAMS 0x000000008b300000| PB 0x000000008b300000| Complete 
| 104|0x000000008b400000, 0x000000008b500000, 0x000000008b500000|100%| E|CS|TAMS 0x000000008b400000| PB 0x000000008b400000| Complete 
| 105|0x000000008b500000, 0x000000008b600000, 0x000000008b600000|100%| E|CS|TAMS 0x000000008b500000| PB 0x000000008b500000| Complete 
| 106|0x000000008b600000, 0x000000008b700000, 0x000000008b700000|100%| E|CS|TAMS 0x000000008b600000| PB 0x000000008b600000| Complete 
| 107|0x000000008b700000, 0x000000008b800000, 0x000000008b800000|100%| E|CS|TAMS 0x000000008b700000| PB 0x000000008b700000| Complete 
| 108|0x000000008b800000, 0x000000008b900000, 0x000000008b900000|100%| E|CS|TAMS 0x000000008b800000| PB 0x000000008b800000| Complete 
| 109|0x000000008b900000, 0x000000008ba00000, 0x000000008ba00000|100%| E|CS|TAMS 0x000000008b900000| PB 0x000000008b900000| Complete 
| 110|0x000000008ba00000, 0x000000008bb00000, 0x000000008bb00000|100%| E|CS|TAMS 0x000000008ba00000| PB 0x000000008ba00000| Complete 
| 111|0x000000008bb00000, 0x000000008bc00000, 0x000000008bc00000|100%| E|CS|TAMS 0x000000008bb00000| PB 0x000000008bb00000| Complete 
| 112|0x000000008bc00000, 0x000000008bd00000, 0x000000008bd00000|100%| E|CS|TAMS 0x000000008bc00000| PB 0x000000008bc00000| Complete 
| 113|0x000000008bd00000, 0x000000008be00000, 0x000000008be00000|100%| E|CS|TAMS 0x000000008bd00000| PB 0x000000008bd00000| Complete 
| 114|0x000000008be00000, 0x000000008bf00000, 0x000000008bf00000|100%| E|CS|TAMS 0x000000008be00000| PB 0x000000008be00000| Complete 
| 115|0x000000008bf00000, 0x000000008c000000, 0x000000008c000000|100%| E|CS|TAMS 0x000000008bf00000| PB 0x000000008bf00000| Complete 
| 116|0x000000008c000000, 0x000000008c100000, 0x000000008c100000|100%| E|CS|TAMS 0x000000008c000000| PB 0x000000008c000000| Complete 
| 117|0x000000008c100000, 0x000000008c200000, 0x000000008c200000|100%| E|CS|TAMS 0x000000008c100000| PB 0x000000008c100000| Complete 
| 118|0x000000008c200000, 0x000000008c300000, 0x000000008c300000|100%| E|CS|TAMS 0x000000008c200000| PB 0x000000008c200000| Complete 
| 119|0x000000008c300000, 0x000000008c400000, 0x000000008c400000|100%| E|CS|TAMS 0x000000008c300000| PB 0x000000008c300000| Complete 
| 120|0x000000008c400000, 0x000000008c500000, 0x000000008c500000|100%| E|CS|TAMS 0x000000008c400000| PB 0x000000008c400000| Complete 
| 121|0x000000008c500000, 0x000000008c600000, 0x000000008c600000|100%| E|CS|TAMS 0x000000008c500000| PB 0x000000008c500000| Complete 
| 122|0x000000008c600000, 0x000000008c700000, 0x000000008c700000|100%| E|CS|TAMS 0x000000008c600000| PB 0x000000008c600000| Complete 
| 123|0x000000008c700000, 0x000000008c800000, 0x000000008c800000|100%| E|CS|TAMS 0x000000008c700000| PB 0x000000008c700000| Complete 

Card table byte_map: [0x00000171411d0000,0x00000171415b0000] _byte_map_base: 0x0000017140daa000

Marking Bits: (CMBitMap*) 0x00000171296ab8a0
 Bits: [0x00000171415b0000, 0x0000017143480000)

Polling page: 0x0000017127620000

Metaspace:

Usage:
  Non-class:     13.51 MB used.
      Class:      1.10 MB used.
       Both:     14.62 MB used.

Virtual space:
  Non-class space:       64.00 MB reserved,      13.69 MB ( 21%) committed,  1 nodes.
      Class space:        1.00 GB reserved,       1.19 MB ( <1%) committed,  1 nodes.
             Both:        1.06 GB reserved,      14.88 MB (  1%) committed. 

Chunk freelists:
   Non-Class:  1.67 MB
       Class:  14.77 MB
        Both:  16.44 MB

MaxMetaspaceSize: unlimited
CompressedClassSpaceSize: 1.00 GB
Initial GC threshold: 21.00 MB
Current GC threshold: 21.00 MB
CDS: on
 - commit_granule_bytes: 65536.
 - commit_granule_words: 8192.
 - virtual_space_node_default_size: 8388608.
 - enlarge_chunks_in_place: 1.
 - use_allocation_guard: 0.


Internal statistics:

num_allocs_failed_limit: 0.
num_arena_births: 246.
num_arena_deaths: 0.
num_vsnodes_births: 2.
num_vsnodes_deaths: 0.
num_space_committed: 234.
num_space_uncommitted: 0.
num_chunks_returned_to_freelist: 0.
num_chunks_taken_from_freelist: 603.
num_chunk_merges: 0.
num_chunk_splits: 421.
num_chunks_enlarged: 300.
num_inconsistent_stats: 0.

CodeHeap 'non-profiled nmethods': size=120000Kb used=1050Kb max_used=1050Kb free=118949Kb
 bounds [0x0000017139590000, 0x0000017139800000, 0x0000017140ac0000]
CodeHeap 'profiled nmethods': size=120000Kb used=4420Kb max_used=4420Kb free=115579Kb
 bounds [0x0000017131ac0000, 0x0000017131f20000, 0x0000017138ff0000]
CodeHeap 'non-nmethods': size=5760Kb used=2279Kb max_used=2314Kb free=3480Kb
 bounds [0x0000017138ff0000, 0x0000017139260000, 0x0000017139590000]
 total_blobs=3167 nmethods=2190 adapters=882
 compilation: enabled
              stopped_count=0, restarted_count=0
 full_count=0

Compilation events (20 events):
Event: 18.382 Thread 0x0000017145ea3230 nmethod 1875 0x0000017139691690 code [0x0000017139691840, 0x0000017139691b70]
Event: 18.382 Thread 0x0000017145ea3230 1914       4       jogamp.opengl.glu.tessellator.Sweep::AddRegionBelow (78 bytes)
Event: 18.425 Thread 0x00000171917fabf0 nmethod 2070 0x0000017139691c90 code [0x0000017139691ee0, 0x0000017139693578]
Event: 18.425 Thread 0x00000171917fabf0 1915       4       jogamp.opengl.glu.tessellator.Sweep::IsWindingInside (107 bytes)
Event: 18.431 Thread 0x00000171917fabf0 nmethod 1915 0x0000017139693910 code [0x0000017139693aa0, 0x0000017139693b48]
Event: 18.431 Thread 0x00000171917fabf0 1552       4       java.util.regex.Pattern$LookBehindEndNode::match (14 bytes)
Event: 18.437 Thread 0x00000171917fabf0 nmethod 1552 0x0000017139693c10 code [0x0000017139693da0, 0x0000017139693e60]
Event: 18.437 Thread 0x00000171917fabf0 1907       4       java.nio.ByteOrder::nativeOrder (4 bytes)
Event: 18.438 Thread 0x00000171917fabf0 nmethod 1907 0x0000017139693f10 code [0x00000171396940a0, 0x0000017139694110]
Event: 18.438 Thread 0x00000171917fabf0 1678       4       javazoom.jl.decoder.BitReserve::hget1bit (36 bytes)
Event: 18.440 Thread 0x00000171917fabf0 nmethod 1678 0x0000017139694210 code [0x00000171396943a0, 0x0000017139694488]
Event: 18.440 Thread 0x00000171917fabf0 1945       4       jogamp.opengl.glu.tessellator.Sweep::VertexWeights (143 bytes)
Event: 18.451 Thread 0x00000171917fabf0 nmethod 1945 0x0000017139694590 code [0x0000017139694780, 0x0000017139694a60]
Event: 18.451 Thread 0x00000171917fabf0 2138       4       processing.opengl.PJOGL::bindBuffer (12 bytes)
Event: 18.452 Thread 0x00000171917fabf0 nmethod 2138 0x0000017139694d90 code [0x0000017139694f20, 0x0000017139694fd8]
Event: 18.452 Thread 0x00000171917fabf0 2149       4       processing.opengl.PGraphicsOpenGL$InGeometry::setMaterial (40 bytes)
Event: 18.454 Thread 0x00000171917fabf0 nmethod 2149 0x0000017139695090 code [0x0000017139695220, 0x00000171396952c0]
Event: 18.460 Thread 0x0000017145ea3230 nmethod 1914 0x0000017139695390 code [0x0000017139695640, 0x0000017139696320]
Event: 18.504 Thread 0x0000017145eb01f0 2191       3       java.lang.invoke.LambdaFormEditor::getInCache (165 bytes)
Event: 18.506 Thread 0x0000017145eb01f0 nmethod 2191 0x0000017131f0fc90 code [0x0000017131f0ff20, 0x0000017131f10dd0]

GC Heap History (4 events):
Event: 5.884 GC heap before
{Heap before GC invocations=0 (full 0):
 garbage-first heap   total 126976K, used 23552K [0x0000000084c00000, 0x0000000100000000)
  region size 1024K, 23 young (23552K), 0 survivors (0K)
 Metaspace       used 10978K, committed 11264K, reserved 1114112K
  class space    used 759K, committed 896K, reserved 1048576K
}
Event: 5.921 GC heap after
{Heap after GC invocations=1 (full 0):
 garbage-first heap   total 126976K, used 3136K [0x0000000084c00000, 0x0000000100000000)
  region size 1024K, 3 young (3072K), 3 survivors (3072K)
 Metaspace       used 10978K, committed 11264K, reserved 1114112K
  class space    used 759K, committed 896K, reserved 1048576K
}
Event: 14.709 GC heap before
{Heap before GC invocations=1 (full 0):
 garbage-first heap   total 126976K, used 73792K [0x0000000084c00000, 0x0000000100000000)
  region size 1024K, 33 young (33792K), 3 survivors (3072K)
 Metaspace       used 14700K, committed 14912K, reserved 1114112K
  class space    used 1126K, committed 1216K, reserved 1048576K
}
Event: 14.720 GC heap after
{Heap after GC invocations=2 (full 0):
 garbage-first heap   total 126976K, used 18391K [0x0000000084c00000, 0x0000000100000000)
  region size 1024K, 3 young (3072K), 3 survivors (3072K)
 Metaspace       used 14700K, committed 14912K, reserved 1114112K
  class space    used 1126K, committed 1216K, reserved 1048576K
}

Dll operation events (16 events):
Event: 0.020 Loaded shared library C:\Program Files\Java\jdk-21\bin\java.dll
Event: 0.150 Loaded shared library C:\Program Files\Java\jdk-21\bin\jsvml.dll
Event: 0.278 Loaded shared library C:\Program Files\Java\jdk-21\bin\net.dll
Event: 0.283 Loaded shared library C:\Program Files\Java\jdk-21\bin\nio.dll
Event: 0.299 Loaded shared library C:\Program Files\Java\jdk-21\bin\zip.dll
Event: 0.437 Loaded shared library C:\Program Files\Java\jdk-21\bin\jimage.dll
Event: 0.448 Loaded shared library C:\Program Files\Java\jdk-21\bin\awt.dll
Event: 2.244 Loaded shared library C:\Users\zanna\AppData\Local\Temp\jogamp_0000\file_cache\jln17566345077783130368\jln1038979510738261580\natives\windows-amd64\gluegen_rt.dll
Event: 2.307 Loaded shared library C:\Program Files\Java\jdk-21\bin\jawt.dll
Event: 2.433 Loaded shared library C:\Users\zanna\AppData\Local\Temp\jogamp_0000\file_cache\jln17566345077783130368\jln1038979510738261580\natives\windows-amd64\nativewindow_awt.dll
Event: 2.740 Loaded shared library C:\Users\zanna\AppData\Local\Temp\jogamp_0000\file_cache\jln17566345077783130368\jln1038979510738261580\natives\windows-amd64\nativewindow_win32.dll
Event: 4.035 Loaded shared library C:\Users\zanna\AppData\Local\Temp\jogamp_0000\file_cache\jln17566345077783130368\jln1038979510738261580\natives\windows-amd64\jogl_desktop.dll
Event: 4.567 Loaded shared library C:\Users\zanna\AppData\Local\Temp\jogamp_0000\file_cache\jln17566345077783130368\jln1038979510738261580\natives\windows-amd64\jogl_mobile.dll
Event: 11.074 Loaded shared library C:\Users\zanna\AppData\Local\Temp\jogamp_0000\file_cache\jln17566345077783130368\jln1038979510738261580\natives\windows-amd64\newt_head.dll
Event: 12.094 Loaded shared library C:\Program Files\Java\jdk-21\bin\verify.dll
Event: 12.405 Loaded shared library C:\Program Files\Java\jdk-21\bin\jsound.dll

Deoptimization events (20 events):
Event: 16.583 Thread 0x00000171950c8bb0 DEOPT PACKING pc=0x0000017131e13ec9 sp=0x0000001607eff0c0
Event: 16.583 Thread 0x00000171950c8bb0 DEOPT UNPACKING pc=0x00000171390488e2 sp=0x0000001607efe560 mode 0
Event: 16.611 Thread 0x00000171950c8bb0 DEOPT PACKING pc=0x0000017131de5341 sp=0x0000001607eff190
Event: 16.611 Thread 0x00000171950c8bb0 DEOPT UNPACKING pc=0x00000171390488e2 sp=0x0000001607efe628 mode 0
Event: 16.754 Thread 0x00000171950c8bb0 DEOPT PACKING pc=0x0000017131e13ec9 sp=0x0000001607eff0c0
Event: 16.754 Thread 0x00000171950c8bb0 DEOPT UNPACKING pc=0x00000171390488e2 sp=0x0000001607efe560 mode 0
Event: 16.849 Thread 0x00000171950c8bb0 DEOPT PACKING pc=0x0000017131de5341 sp=0x0000001607eff190
Event: 16.849 Thread 0x00000171950c8bb0 DEOPT UNPACKING pc=0x00000171390488e2 sp=0x0000001607efe628 mode 0
Event: 16.903 Thread 0x00000171950c8bb0 DEOPT PACKING pc=0x0000017131de5341 sp=0x0000001607eff190
Event: 16.903 Thread 0x00000171950c8bb0 DEOPT UNPACKING pc=0x00000171390488e2 sp=0x0000001607efe628 mode 0
Event: 17.451 Thread 0x00000171950c8bb0 DEOPT PACKING pc=0x0000017131e4dadc sp=0x0000001607eff130
Event: 17.451 Thread 0x00000171950c8bb0 DEOPT UNPACKING pc=0x00000171390488e2 sp=0x0000001607efe560 mode 0
Event: 17.453 Thread 0x00000171950c8bb0 DEOPT PACKING pc=0x0000017131de5341 sp=0x0000001607eff190
Event: 17.454 Thread 0x00000171950c8bb0 DEOPT UNPACKING pc=0x00000171390488e2 sp=0x0000001607efe628 mode 0
Event: 17.495 Thread 0x00000171950c8bb0 DEOPT PACKING pc=0x0000017131e4dadc sp=0x0000001607eff130
Event: 17.495 Thread 0x00000171950c8bb0 DEOPT UNPACKING pc=0x00000171390488e2 sp=0x0000001607efe560 mode 0
Event: 17.495 Thread 0x00000171950c8bb0 DEOPT PACKING pc=0x0000017131de5341 sp=0x0000001607eff190
Event: 17.495 Thread 0x00000171950c8bb0 DEOPT UNPACKING pc=0x00000171390488e2 sp=0x0000001607efe628 mode 0
Event: 17.555 Thread 0x00000171950c8bb0 DEOPT PACKING pc=0x0000017131de51c4 sp=0x0000001607eff190
Event: 17.555 Thread 0x00000171950c8bb0 DEOPT UNPACKING pc=0x00000171390488e2 sp=0x0000001607efe628 mode 0

Classes loaded (20 events):
Event: 14.006 Loading class java/io/ObjectStreamClass$FieldReflectorKey
Event: 14.007 Loading class java/io/ObjectStreamClass$FieldReflectorKey done
Event: 14.007 Loading class java/io/ObjectStreamClass$FieldReflector
Event: 14.007 Loading class java/io/ObjectStreamClass$FieldReflector done
Event: 14.008 Loading class java/io/ObjectStreamClass$ExceptionInfo
Event: 14.008 Loading class java/io/ObjectStreamClass$ExceptionInfo done
Event: 14.074 Loading class java/util/regex/Pattern$LookBehindEndNode
Event: 14.075 Loading class java/util/regex/Pattern$LookBehindEndNode done
Event: 14.075 Loading class java/util/regex/Pattern$NotBehind
Event: 14.076 Loading class java/util/regex/Pattern$NotBehind done
Event: 14.076 Loading class java/util/regex/Pattern$Neg
Event: 14.077 Loading class java/util/regex/Pattern$Neg done
Event: 14.077 Loading class java/util/regex/Pattern$Pos
Event: 14.078 Loading class java/util/regex/Pattern$Pos done
Event: 14.124 Loading class java/util/regex/Pattern$SliceS
Event: 14.125 Loading class java/util/regex/Pattern$SliceS done
Event: 17.453 Loading class java/util/concurrent/ConcurrentLinkedQueue$Itr
Event: 17.572 Loading class java/util/concurrent/ConcurrentLinkedQueue$Itr done
Event: 17.624 Loading class java/nio/channels/ClosedChannelException
Event: 17.625 Loading class java/nio/channels/ClosedChannelException done

Classes unloaded (0 events):
No events

Classes redefined (0 events):
No events

Internal exceptions (20 events):
Event: 2.533 Thread 0x0000017129659640 Exception <a 'java/lang/IncompatibleClassChangeError'{0x000000008bc5fe30}: Found class java.lang.Object, but interface was expected> (0x000000008bc5fe30) 
thrown [s\open\src\hotspot\share\interpreter\linkResolver.cpp, line 840]
Event: 4.047 Thread 0x0000017129659640 Exception <a 'java/lang/NoSuchMethodError'{0x000000008b7bece0}: 'long java.lang.invoke.DelegatingMethodHandle$Holder.reinvoke_L(java.lang.Object, java.lang.Object)'> (0x000000008b7bece0) 
thrown [s\open\src\hotspot\share\interpreter\linkResolver.cpp, line 773]
Event: 4.051 Thread 0x0000017129659640 Exception <a 'java/lang/NoSuchMethodError'{0x000000008b7c8aa0}: 'void java.lang.invoke.DelegatingMethodHandle$Holder.reinvoke_L(java.lang.Object, java.lang.Object, long)'> (0x000000008b7c8aa0) 
thrown [s\open\src\hotspot\share\interpreter\linkResolver.cpp, line 773]
Event: 8.240 Thread 0x000001718b7bd5f0 Implicit null exception at 0x00000171395e4534 to 0x00000171395e47c0
Event: 8.241 Thread 0x000001718b7bd5f0 Exception <a 'java/lang/NoSuchMethodError'{0x000000008c2c5108}: 'void java.lang.invoke.DirectMethodHandle$Holder.invokeSpecial(java.lang.Object, java.lang.Object, java.lang.Object)'> (0x000000008c2c5108) 
thrown [s\open\src\hotspot\share\interpreter\linkResolver.cpp, line 773]
Event: 8.382 Thread 0x000001718b7bd5f0 Exception <a 'java/lang/NoSuchMethodError'{0x000000008c2db158}: 'long java.lang.invoke.Invokers$Holder.invokeExact_MT(java.lang.Object, java.lang.Object, java.lang.Object)'> (0x000000008c2db158) 
thrown [s\open\src\hotspot\share\interpreter\linkResolver.cpp, line 773]
Event: 11.614 Thread 0x0000017129659640 Exception <a 'java/lang/NoSuchMethodError'{0x000000008b990498}: 'void java.lang.invoke.DirectMethodHandle$Holder.invokeSpecial(java.lang.Object, java.lang.Object, java.lang.Object, java.lang.Object, java.lang.Object)'> (0x000000008b990498) 
thrown [s\open\src\hotspot\share\interpreter\linkResolver.cpp, line 773]
Event: 11.624 Thread 0x0000017129659640 Exception <a 'java/lang/NoSuchMethodError'{0x000000008b99d458}: 'void java.lang.invoke.DirectMethodHandle$Holder.invokeSpecial(java.lang.Object, java.lang.Object, int)'> (0x000000008b99d458) 
thrown [s\open\src\hotspot\share\interpreter\linkResolver.cpp, line 773]
Event: 11.631 Thread 0x0000017129659640 Exception <a 'java/lang/NoSuchMethodError'{0x000000008b9a2bb0}: 'java.lang.Object java.lang.invoke.DirectMethodHandle$Holder.newInvokeSpecial(java.lang.Object, java.lang.Object, int)'> (0x000000008b9a2bb0) 
thrown [s\open\src\hotspot\share\interpreter\linkResolver.cpp, line 773]
Event: 11.994 Thread 0x000001718bdbb710 Exception <a 'java/lang/NoSuchMethodError'{0x000000008b73eac0}: 'void java.lang.invoke.DirectMethodHandle$Holder.invokeVirtual(java.lang.Object, java.lang.Object, java.lang.Object, java.lang.Object)'> (0x000000008b73eac0) 
thrown [s\open\src\hotspot\share\interpreter\linkResolver.cpp, line 773]
Event: 12.002 Thread 0x000001718bdbb710 Exception <a 'java/lang/NoSuchMethodError'{0x000000008b74cdb8}: 'java.lang.Object java.lang.invoke.Invokers$Holder.invokeExact_MT(java.lang.Object, java.lang.Object, java.lang.Object, java.lang.Object, java.lang.Object)'> (0x000000008b74cdb8) 
thrown [s\open\src\hotspot\share\interpreter\linkResolver.cpp, line 773]
Event: 12.014 Thread 0x000001718bdbb710 Exception <a 'java/lang/NoSuchMethodError'{0x000000008b75c748}: 'java.lang.Object java.lang.invoke.DirectMethodHandle$Holder.invokeVirtual(java.lang.Object, java.lang.Object, java.lang.Object)'> (0x000000008b75c748) 
thrown [s\open\src\hotspot\share\interpreter\linkResolver.cpp, line 773]
Event: 12.056 Thread 0x000001718bdbb710 Exception <a 'java/io/FileNotFoundException'{0x000000008b7920c0}> (0x000000008b7920c0) 
thrown [s\open\src\hotspot\share\prims\jni.cpp, line 520]
Event: 12.061 Thread 0x000001718bdbb710 Exception <a 'java/io/FileNotFoundException'{0x000000008b793ce8}> (0x000000008b793ce8) 
thrown [s\open\src\hotspot\share\prims\jni.cpp, line 520]
Event: 12.061 Thread 0x000001718bdbb710 Exception <a 'java/io/FileNotFoundException'{0x000000008b794618}> (0x000000008b794618) 
thrown [s\open\src\hotspot\share\prims\jni.cpp, line 520]
Event: 13.815 Thread 0x000001718bdbb710 Exception <a 'java/io/FileNotFoundException'{0x000000008b557b90}> (0x000000008b557b90) 
thrown [s\open\src\hotspot\share\prims\jni.cpp, line 520]
Event: 13.815 Thread 0x000001718bdbb710 Exception <a 'java/io/FileNotFoundException'{0x000000008b558de0}> (0x000000008b558de0) 
thrown [s\open\src\hotspot\share\prims\jni.cpp, line 520]
Event: 13.816 Thread 0x000001718bdbb710 Exception <a 'java/io/FileNotFoundException'{0x000000008b559710}> (0x000000008b559710) 
thrown [s\open\src\hotspot\share\prims\jni.cpp, line 520]
Event: 17.451 Thread 0x000001718bdbb0a0 Exception <a 'java/lang/InterruptedException'{0x00000000897c83f0}> (0x00000000897c83f0) 
thrown [s\open\src\hotspot\share\runtime\objectMonitor.cpp, line 1648]
Event: 17.575 Thread 0x000001718bdbb710 Exception <a 'java/lang/NoSuchMethodError'{0x0000000089780d18}: 'void java.lang.invoke.DirectMethodHandle$Holder.invokeVirtual(java.lang.Object, java.lang.Object)'> (0x0000000089780d18) 
thrown [s\open\src\hotspot\share\interpreter\linkResolver.cpp, line 773]

ZGC Phase Switch (0 events):
No events

VM Operations (20 events):
Event: 11.035 Executing VM operation: Cleanup done
Event: 12.048 Executing VM operation: Cleanup
Event: 12.053 Executing VM operation: Cleanup done
Event: 12.115 Executing VM operation: HandshakeAllThreads (Deoptimize)
Event: 12.115 Executing VM operation: HandshakeAllThreads (Deoptimize) done
Event: 12.220 Executing VM operation: HandshakeAllThreads (Deoptimize)
Event: 12.220 Executing VM operation: HandshakeAllThreads (Deoptimize) done
Event: 13.219 Executing VM operation: Cleanup
Event: 13.221 Executing VM operation: Cleanup done
Event: 14.000 Executing VM operation: HandshakeAllThreads (Deoptimize)
Event: 14.002 Executing VM operation: HandshakeAllThreads (Deoptimize) done
Event: 14.709 Executing VM operation: G1CollectForAllocation (G1 Evacuation Pause)
Event: 14.722 Executing VM operation: G1CollectForAllocation (G1 Evacuation Pause) done
Event: 15.723 Executing VM operation: Cleanup
Event: 15.723 Executing VM operation: Cleanup done
Event: 16.724 Executing VM operation: Cleanup
Event: 16.739 Executing VM operation: Cleanup done
Event: 17.768 Executing VM operation: Cleanup
Event: 17.768 Executing VM operation: Cleanup done
Event: 18.507 Executing VM operation: Exit

Events (20 events):
Event: 11.584 Thread 0x0000017194a6ef20 Thread added: 0x0000017194a6ef20
Event: 11.620 Thread 0x000001718bdbb0a0 Thread added: 0x000001718bdbb0a0
Event: 11.649 Thread 0x000001718bdbb710 Thread added: 0x000001718bdbb710
Event: 11.678 Thread 0x0000017129659640 Thread exited: 0x0000017129659640
Event: 11.679 Thread 0x0000017129659640 Thread added: 0x0000017129659640
Event: 13.690 Thread 0x0000017194f6a000 Thread added: 0x0000017194f6a000
Event: 13.954 Thread 0x00000171950c8bb0 Thread added: 0x00000171950c8bb0
Event: 17.270 Thread 0x00000171917fabf0 Thread added: 0x00000171917fabf0
Event: 17.451 Thread 0x000001718bdbb0a0 Thread exited: 0x000001718bdbb0a0
Event: 17.585 Thread 0x00000171950c7800 Thread added: 0x00000171950c7800
Event: 17.585 Thread 0x00000171950c98d0 Thread added: 0x00000171950c98d0
Event: 17.585 Thread 0x00000171950ca5f0 Thread added: 0x00000171950ca5f0
Event: 17.588 Thread 0x00000171950cac80 Thread added: 0x00000171950cac80
Event: 17.600 Thread 0x000001718b38b4b0 Thread exited: 0x000001718b38b4b0
Event: 17.624 Thread 0x0000017194a6e8b0 Thread exited: 0x0000017194a6e8b0
Event: 17.625 Thread 0x00000171950c98d0 Thread exited: 0x00000171950c98d0
Event: 17.852 Thread 0x00000171950ca5f0 Thread exited: 0x00000171950ca5f0
Event: 18.060 Thread 0x00000171950c8bb0 Thread exited: 0x00000171950c8bb0
Event: 18.484 Thread 0x000001718b7bd5f0 Thread exited: 0x000001718b7bd5f0
Event: 18.505 Thread 0x00000171950c7800 Thread exited: 0x00000171950c7800


Dynamic libraries:
0x00007ff60f080000 - 0x00007ff60f090000 	C:\Program Files\Java\jdk-21\bin\java.exe
0x00007ffc55dd0000 - 0x00007ffc55fe6000 	C:\WINDOWS\SYSTEM32\ntdll.dll
0x00007ffc54980000 - 0x00007ffc54a44000 	C:\WINDOWS\System32\KERNEL32.DLL
0x00007ffc53250000 - 0x00007ffc535f7000 	C:\WINDOWS\System32\KERNELBASE.dll
0x00007ffc53720000 - 0x00007ffc53831000 	C:\WINDOWS\System32\ucrtbase.dll
0x00007ffc352e0000 - 0x00007ffc352f9000 	C:\Program Files\Java\jdk-21\bin\jli.dll
0x00007ffc34c10000 - 0x00007ffc34c2b000 	C:\Program Files\Java\jdk-21\bin\VCRUNTIME140.dll
0x00007ffc54d80000 - 0x00007ffc54e32000 	C:\WINDOWS\System32\ADVAPI32.dll
0x00007ffc55ce0000 - 0x00007ffc55d87000 	C:\WINDOWS\System32\msvcrt.dll
0x00007ffc55930000 - 0x00007ffc559d8000 	C:\WINDOWS\System32\sechost.dll
0x00007ffc53160000 - 0x00007ffc53188000 	C:\WINDOWS\System32\bcrypt.dll
0x00007ffc54e40000 - 0x00007ffc54f55000 	C:\WINDOWS\System32\RPCRT4.dll
0x00007ffc53b00000 - 0x00007ffc53cae000 	C:\WINDOWS\System32\USER32.dll
0x00007ffc538c0000 - 0x00007ffc538e6000 	C:\WINDOWS\System32\win32u.dll
0x00007ffc54950000 - 0x00007ffc54979000 	C:\WINDOWS\System32\GDI32.dll
0x00007ffc53600000 - 0x00007ffc53719000 	C:\WINDOWS\System32\gdi32full.dll
0x00007ffc53a60000 - 0x00007ffc53afa000 	C:\WINDOWS\System32\msvcp_win.dll
0x00007ffc377e0000 - 0x00007ffc37a73000 	C:\WINDOWS\WinSxS\amd64_microsoft.windows.common-controls_6595b64144ccf1df_6.0.22621.3235_none_270f74e173860f98\COMCTL32.dll
0x00007ffc47b80000 - 0x00007ffc47b8a000 	C:\WINDOWS\SYSTEM32\VERSION.dll
0x00007ffc54730000 - 0x00007ffc54761000 	C:\WINDOWS\System32\IMM32.DLL
0x00007ffc41af0000 - 0x00007ffc41afc000 	C:\Program Files\Java\jdk-21\bin\vcruntime140_1.dll
0x00007ffc16860000 - 0x00007ffc168ee000 	C:\Program Files\Java\jdk-21\bin\msvcp140.dll
0x00007ffbbc730000 - 0x00007ffbbd447000 	C:\Program Files\Java\jdk-21\bin\server\jvm.dll
0x00007ffc55080000 - 0x00007ffc550f1000 	C:\WINDOWS\System32\WS2_32.dll
0x00007ffc41970000 - 0x00007ffc419a4000 	C:\WINDOWS\SYSTEM32\WINMM.dll
0x00007ffc525b0000 - 0x00007ffc525fd000 	C:\WINDOWS\SYSTEM32\POWRPROF.dll
0x00007ffc52580000 - 0x00007ffc52593000 	C:\WINDOWS\SYSTEM32\UMPDC.dll
0x00007ffc521a0000 - 0x00007ffc521b8000 	C:\WINDOWS\SYSTEM32\kernel.appcore.dll
0x00007ffc40ec0000 - 0x00007ffc40eca000 	C:\Program Files\Java\jdk-21\bin\jimage.dll
0x00007ffc4d9c0000 - 0x00007ffc4dbf3000 	C:\WINDOWS\SYSTEM32\DBGHELP.DLL
0x00007ffc55120000 - 0x00007ffc554a8000 	C:\WINDOWS\System32\combase.dll
0x00007ffc54870000 - 0x00007ffc54947000 	C:\WINDOWS\System32\OLEAUT32.dll
0x00007ffc20a00000 - 0x00007ffc20a32000 	C:\WINDOWS\SYSTEM32\dbgcore.DLL
0x00007ffc53840000 - 0x00007ffc538b9000 	C:\WINDOWS\System32\bcryptPrimitives.dll
0x00007ffc333b0000 - 0x00007ffc333cf000 	C:\Program Files\Java\jdk-21\bin\java.dll
0x00007ffc53d20000 - 0x00007ffc5457c000 	C:\WINDOWS\System32\SHELL32.dll
0x00007ffc51050000 - 0x00007ffc51949000 	C:\WINDOWS\SYSTEM32\windows.storage.dll
0x00007ffc50f10000 - 0x00007ffc5104e000 	C:\WINDOWS\SYSTEM32\wintypes.dll
0x00007ffc54770000 - 0x00007ffc54863000 	C:\WINDOWS\System32\SHCORE.dll
0x00007ffc55c30000 - 0x00007ffc55c8e000 	C:\WINDOWS\System32\shlwapi.dll
0x00007ffc53020000 - 0x00007ffc53041000 	C:\WINDOWS\SYSTEM32\profapi.dll
0x00007ffc130a0000 - 0x00007ffc13177000 	C:\Program Files\Java\jdk-21\bin\jsvml.dll
0x00007ffc38ca0000 - 0x00007ffc38cb0000 	C:\Program Files\Java\jdk-21\bin\net.dll
0x00007ffc48870000 - 0x00007ffc489a6000 	C:\WINDOWS\SYSTEM32\WINHTTP.dll
0x00007ffc52690000 - 0x00007ffc526f9000 	C:\WINDOWS\system32\mswsock.dll
0x00007ffc32850000 - 0x00007ffc32866000 	C:\Program Files\Java\jdk-21\bin\nio.dll
0x00007ffc31e30000 - 0x00007ffc31e48000 	C:\Program Files\Java\jdk-21\bin\zip.dll
0x00007ffc0e640000 - 0x00007ffc0e7cf000 	C:\Program Files\Java\jdk-21\bin\awt.dll
0x00007ffc4cf80000 - 0x00007ffc4d017000 	C:\WINDOWS\SYSTEM32\apphelp.dll
0x00007ffc4d040000 - 0x00007ffc4d0eb000 	C:\WINDOWS\system32\uxtheme.dll
0x00007ffc54c20000 - 0x00007ffc54d73000 	C:\WINDOWS\System32\MSCTF.dll
0x00007ffc55a80000 - 0x00007ffc55c25000 	C:\WINDOWS\System32\ole32.dll
0x00007ffc4d270000 - 0x00007ffc4d29b000 	C:\WINDOWS\system32\DWMAPI.DLL
0x00007ffc338e0000 - 0x00007ffc339e0000 	C:\WINDOWS\system32\opengl32.dll
0x00007ffc388a0000 - 0x00007ffc388cd000 	C:\WINDOWS\SYSTEM32\GLU32.dll
0x00007ffc4d120000 - 0x00007ffc4d159000 	C:\WINDOWS\SYSTEM32\dxcore.dll
0x00007ffc528f0000 - 0x00007ffc5290b000 	C:\WINDOWS\SYSTEM32\CRYPTSP.dll
0x00007ffc52100000 - 0x00007ffc52135000 	C:\WINDOWS\system32\rsaenh.dll
0x00007ffc52790000 - 0x00007ffc527b8000 	C:\WINDOWS\SYSTEM32\USERENV.dll
0x00007ffc52910000 - 0x00007ffc5291c000 	C:\WINDOWS\SYSTEM32\CRYPTBASE.dll
0x00007ffc51bf0000 - 0x00007ffc51c1d000 	C:\WINDOWS\SYSTEM32\IPHLPAPI.DLL
0x00007ffc53d10000 - 0x00007ffc53d19000 	C:\WINDOWS\System32\NSI.dll
0x00007ffc29900000 - 0x00007ffc29913000 	C:\Users\zanna\AppData\Local\Temp\jogamp_0000\file_cache\jln17566345077783130368\jln1038979510738261580\natives\windows-amd64\gluegen_rt.dll
0x00007ffc38350000 - 0x00007ffc38357000 	C:\Program Files\Java\jdk-21\bin\jawt.dll
0x00007ffc34fe0000 - 0x00007ffc34fed000 	C:\Users\zanna\AppData\Local\Temp\jogamp_0000\file_cache\jln17566345077783130368\jln1038979510738261580\natives\windows-amd64\nativewindow_awt.dll
0x00007ffc24c90000 - 0x00007ffc24ca5000 	C:\Users\zanna\AppData\Local\Temp\jogamp_0000\file_cache\jln17566345077783130368\jln1038979510738261580\natives\windows-amd64\nativewindow_win32.dll
0x00007ffc0d680000 - 0x00007ffc0d703000 	C:\Users\zanna\AppData\Local\Temp\jogamp_0000\file_cache\jln17566345077783130368\jln1038979510738261580\natives\windows-amd64\jogl_desktop.dll
0x00007ffc15930000 - 0x00007ffc15982000 	C:\Users\zanna\AppData\Local\Temp\jogamp_0000\file_cache\jln17566345077783130368\jln1038979510738261580\natives\windows-amd64\jogl_mobile.dll
0x00007ffc4aa40000 - 0x00007ffc4aa8a000 	C:\WINDOWS\SYSTEM32\directxdatabasehelper.dll
0x00007ffc54fd0000 - 0x00007ffc55080000 	C:\WINDOWS\System32\clbcatq.dll
0x00007ffc45880000 - 0x00007ffc459b7000 	C:\Windows\System32\AppXDeploymentClient.dll
0x00007ffbb9970000 - 0x00007ffbba9a0000 	C:\WINDOWS\System32\DriverStore\FileRepository\iigd_dch.inf_amd64_bc89636c592ed116\ig11icd64.dll
0x00007ffc4d160000 - 0x00007ffc4d258000 	C:\WINDOWS\system32\dxgi.dll
0x00007ffbf7910000 - 0x00007ffbf7d97000 	C:\WINDOWS\System32\DriverStore\FileRepository\iigd_dch.inf_amd64_bc89636c592ed116\igdml64.dll
0x00007ffc44ab0000 - 0x00007ffc44e7d000 	C:\WINDOWS\System32\DriverStore\FileRepository\iigd_dch.inf_amd64_bc89636c592ed116\igdgmm64.dll
0x00007ffc41d60000 - 0x00007ffc44aa7000 	C:\WINDOWS\System32\DriverStore\FileRepository\iigd_dch.inf_amd64_bc89636c592ed116\igc64.dll
0x00007ffc35320000 - 0x00007ffc35339000 	C:\Users\zanna\AppData\Local\Temp\jogamp_0000\file_cache\jln17566345077783130368\jln1038979510738261580\natives\windows-amd64\newt_head.dll
0x00007ffc47890000 - 0x00007ffc4794c000 	C:\WINDOWS\SYSTEM32\mscms.dll
0x00007ffc12df0000 - 0x00007ffc12e39000 	C:\WINDOWS\SYSTEM32\icm32.dll
0x00007ffc554b0000 - 0x00007ffc55924000 	C:\WINDOWS\System32\setupapi.dll
0x00007ffc52db0000 - 0x00007ffc52ddc000 	C:\WINDOWS\SYSTEM32\DEVOBJ.dll
0x00007ffc52de0000 - 0x00007ffc52e2e000 	C:\WINDOWS\SYSTEM32\cfgmgr32.dll
0x00007ffc530f0000 - 0x00007ffc5315b000 	C:\WINDOWS\System32\WINTRUST.dll
0x00007ffc538f0000 - 0x00007ffc53a57000 	C:\WINDOWS\System32\CRYPT32.dll
0x00007ffc52950000 - 0x00007ffc52962000 	C:\WINDOWS\SYSTEM32\MSASN1.dll
0x00007ffc40ef0000 - 0x00007ffc4103a000 	C:\WINDOWS\SYSTEM32\textinputframework.dll
0x00007ffc216b0000 - 0x00007ffc21719000 	C:\WINDOWS\system32\Oleacc.dll
0x00007ffc36690000 - 0x00007ffc366db000 	C:\WINDOWS\system32\ApplicationTargetedFeatureDatabase.dll
0x00007ffc485e0000 - 0x00007ffc4886e000 	C:\Windows\System32\twinapi.appcore.dll
0x00007ffc36320000 - 0x00007ffc36330000 	C:\Program Files\Java\jdk-21\bin\verify.dll
0x00007ffc30cd0000 - 0x00007ffc30ce2000 	C:\Program Files\Java\jdk-21\bin\jsound.dll
0x00007ffc12ff0000 - 0x00007ffc13092000 	C:\WINDOWS\SYSTEM32\DSOUND.dll
0x00007ffc11b20000 - 0x00007ffc11bd1000 	C:\WINDOWS\SYSTEM32\ResampleDmo.DLL
0x00007ffc36660000 - 0x00007ffc36689000 	C:\WINDOWS\SYSTEM32\winmmbase.dll
0x00007ffc35ff0000 - 0x00007ffc35ffb000 	C:\WINDOWS\SYSTEM32\msdmo.dll
0x00007ffc3f5f0000 - 0x00007ffc3f68d000 	C:\WINDOWS\System32\MMDevApi.dll
0x00007ffc27ba0000 - 0x00007ffc27be6000 	C:\WINDOWS\SYSTEM32\wdmaud.drv
0x00007ffc4aa10000 - 0x00007ffc4aa1b000 	C:\WINDOWS\SYSTEM32\AVRT.dll
0x00007ffc25550000 - 0x00007ffc25559000 	C:\WINDOWS\SYSTEM32\ksuser.dll
0x00007ffc37a80000 - 0x00007ffc37c6c000 	C:\WINDOWS\SYSTEM32\AUDIOSES.DLL
0x00007ffc419f0000 - 0x00007ffc419fe000 	C:\WINDOWS\SYSTEM32\msacm32.drv
0x00007ffc2d790000 - 0x00007ffc2d7ae000 	C:\WINDOWS\SYSTEM32\MSACM32.dll
0x00007ffc3f0d0000 - 0x00007ffc3f0db000 	C:\WINDOWS\SYSTEM32\midimap.dll
0x00007ffc373a0000 - 0x00007ffc37514000 	C:\Windows\System32\Windows.UI.dll
0x00007ffc4cc90000 - 0x00007ffc4cdc4000 	C:\WINDOWS\SYSTEM32\CoreMessaging.dll
0x00007ffc4a350000 - 0x00007ffc4a6bc000 	C:\WINDOWS\SYSTEM32\CoreUIComponents.dll
0x00007ffc4d5b0000 - 0x00007ffc4d5c5000 	C:\WINDOWS\SYSTEM32\resourcepolicyclient.dll

dbghelp: loaded successfully - version: 4.0.5 - missing functions: none
symbol engine: initialized successfully - sym options: 0x614 - pdb path: .;C:\Program Files\Java\jdk-21\bin;C:\WINDOWS\SYSTEM32;C:\WINDOWS\WinSxS\amd64_microsoft.windows.common-controls_6595b64144ccf1df_6.0.22621.3235_none_270f74e173860f98;C:\Program Files\Java\jdk-21\bin\server;C:\Users\zanna\AppData\Local\Temp\jogamp_0000\file_cache\jln17566345077783130368\jln1038979510738261580\natives\windows-amd64;C:\WINDOWS\System32\DriverStore\FileRepository\iigd_dch.inf_amd64_bc89636c592ed116

VM Arguments:
jvm_args: -XX:+ShowCodeDetailsInExceptionMessages 
java_command: ie.tudublin.Main
java_class_path (initial): C:\Users\zanna\OOP-MusicVisual-2024\java\bin;C:\Users\zanna\OOP-MusicVisual-2024\java\lib\core.jar;C:\Users\zanna\OOP-MusicVisual-2024\java\lib\jl1.0.1.jar;C:\Users\zanna\OOP-MusicVisual-2024\java\lib\jsminim.jar;C:\Users\zanna\OOP-MusicVisual-2024\java\lib\minim.jar;C:\Users\zanna\OOP-MusicVisual-2024\java\lib\mp3spi1.9.5.jar;C:\Users\zanna\OOP-MusicVisual-2024\java\lib\sqlite-jdbc-3.23.1.jar;C:\Users\zanna\OOP-MusicVisual-2024\java\lib\tritonus_aos.jar;C:\Users\zanna\OOP-MusicVisual-2024\java\lib\tritonus_share.jar;C:\Users\zanna\OOP-MusicVisual-2024\java\lib\jogl-all.jar;C:\Users\zanna\OOP-MusicVisual-2024\java\lib\gluegen-rt.jar;C:\Users\zanna\OOP-MusicVisual-2024\java\lib\gluegen-rt-natives-windows-amd64.jar;C:\Users\zanna\OOP-MusicVisual-2024\java\lib\gluegen-rt-natives-windows-i586.jar;C:\Users\zanna\OOP-MusicVisual-2024\java\lib\jogl-all-natives-windows-amd64.jar;C:\Users\zanna\OOP-MusicVisual-2024\java\lib\jogl-all-natives-windows-i586.jar;C:\Users\zanna\OOP-MusicVisual-2024\java\lib\gluegen-rt-natives-macosx-universal.jar;C:\Users\zanna\OOP-MusicVisual-2024\java\lib\jogl-all-natives-macosx-universal.jar
Launcher Type: SUN_STANDARD

[Global flags]
     intx CICompilerCount                          = 4                                         {product} {ergonomic}
     uint ConcGCThreads                            = 2                                         {product} {ergonomic}
     uint G1ConcRefinementThreads                  = 8                                         {product} {ergonomic}
   size_t G1HeapRegionSize                         = 1048576                                   {product} {ergonomic}
    uintx GCDrainStackTargetSize                   = 64                                        {product} {ergonomic}
   size_t InitialHeapSize                          = 130023424                                 {product} {ergonomic}
   size_t MarkStackSize                            = 4194304                                   {product} {ergonomic}
   size_t MaxHeapSize                              = 2067791872                                {product} {ergonomic}
   size_t MaxNewSize                               = 1240465408                                {product} {ergonomic}
   size_t MinHeapDeltaBytes                        = 1048576                                   {product} {ergonomic}
   size_t MinHeapSize                              = 8388608                                   {product} {ergonomic}
    uintx NonNMethodCodeHeapSize                   = 5839372                                {pd product} {ergonomic}
    uintx NonProfiledCodeHeapSize                  = 122909434                              {pd product} {ergonomic}
    uintx ProfiledCodeHeapSize                     = 122909434                              {pd product} {ergonomic}
    uintx ReservedCodeCacheSize                    = 251658240                              {pd product} {ergonomic}
     bool SegmentedCodeCache                       = true                                      {product} {ergonomic}
     bool ShowCodeDetailsInExceptionMessages       = true                                   {manageable} {command line}
   size_t SoftMaxHeapSize                          = 2067791872                             {manageable} {ergonomic}
     bool UseCompressedOops                        = true                           {product lp64_product} {ergonomic}
     bool UseG1GC                                  = true                                      {product} {ergonomic}
     bool UseLargePagesIndividualAllocation        = false                                  {pd product} {ergonomic}

Logging:
Log output configuration:
 #0: stdout all=off uptime,level,tags foldmultilines=false
 #1: stderr all=off uptime,level,tags foldmultilines=false

Environment Variables:
PATH=C:\Program Files\Common Files\Oracle\Java\javapath;C:\WINDOWS\system32;C:\WINDOWS;C:\WINDOWS\System32\Wbem;C:\WINDOWS\System32\WindowsPowerShell\v1.0\;C:\WINDOWS\System32\OpenSSH\;C:\Program Files\Git\cmd;C:\Users\zanna\AppData\Local\Microsoft\WindowsApps;C:\Users\zanna\AppData\Local\Programs\Microsoft VS Code\bin;C:\MinGW\bin;
USERNAME=zanna
LANG=en_US.UTF-8
OS=Windows_NT
PROCESSOR_IDENTIFIER=Intel64 Family 6 Model 126 Stepping 5, GenuineIntel
TMP=C:\Users\zanna\AppData\Local\Temp
TEMP=C:\Users\zanna\AppData\Local\Temp




Periodic native trim disabled

---------------  S Y S T E M  ---------------

OS:
 Windows 11 , 64 bit Build 22621 (10.0.22621.3374)
OS uptime: 1 days 23:11 hours

CPU: total 8 (initial active 8) (4 cores per cpu, 2 threads per core) family 6 model 126 stepping 5 microcode 0xa6, cx8, cmov, fxsr, ht, mmx, 3dnowpref, sse, sse2, sse3, ssse3, sse4.1, sse4.2, popcnt, lzcnt, tsc, tscinvbit, avx, avx2, aes, erms, clmul, bmi1, bmi2, adx, avx512f, avx512dq, avx512cd, avx512bw, avx512vl, sha, fma, vzeroupper, avx512_vpopcntdq, avx512_vpclmulqdq, avx512_vaes, avx512_vnni, clflush, clflushopt, avx512_vbmi2, avx512_vbmi, rdtscp, rdpid, fsrm, gfni, avx512_bitalg, f16c, pku, avx512_ifma
Processor Information for all 8 processors :
  Max Mhz: 1498, Current Mhz: 1098, Mhz Limit: 1093

Memory: 4k page, system-wide physical 7883M (488M free)
TotalPageFile size 18635M (AvailPageFile size 4705M)
current process WorkingSet (physical memory assigned to process): 355M, peak: 364M
current process commit charge ("private bytes"): 401M, peak: 414M

vm_info: Java HotSpot(TM) 64-Bit Server VM (21.0.2+13-LTS-58) for windows-amd64 JRE (21.0.2+13-LTS-58), built on 2024-01-05T18:32:24Z by "mach5one" with MS VC++ 17.1 (VS2022)

END.
